<?xml version="1.0" encoding="UTF-8"?>
<testsuite xmlns:xsi="http://www.w3.org/2001/XMLSchema-instance" xsi:noNamespaceSchemaLocation="https://maven.apache.org/surefire/maven-surefire-plugin/xsd/surefire-test-report.xsd" name="com.api.automation.putrequest.TestRunnerPut" time="0.712" tests="4" errors="0" skipped="0" failures="1">
  <properties>
    <property name="java.specification.version" value="16"/>
    <property name="sun.cpu.isalist" value="amd64"/>
    <property name="sun.jnu.encoding" value="Cp1252"/>
    <property name="java.class.path" value="C:\Users\abhis\Downloads\karateframework\karateframework\target\test-classes;C:\Users\abhis\Downloads\karateframework\karateframework\target\classes;C:\Users\abhis\.m2\repository\com\intuit\karate\karate-junit5\1.1.0\karate-junit5-1.1.0.jar;C:\Users\abhis\.m2\repository\com\intuit\karate\karate-core\1.1.0\karate-core-1.1.0.jar;C:\Users\abhis\.m2\repository\org\graalvm\js\js-scriptengine\21.2.0\js-scriptengine-21.2.0.jar;C:\Users\abhis\.m2\repository\org\graalvm\sdk\graal-sdk\21.2.0\graal-sdk-21.2.0.jar;C:\Users\abhis\.m2\repository\org\graalvm\js\js\21.2.0\js-21.2.0.jar;C:\Users\abhis\.m2\repository\org\graalvm\regex\regex\21.2.0\regex-21.2.0.jar;C:\Users\abhis\.m2\repository\org\graalvm\truffle\truffle-api\21.2.0\truffle-api-21.2.0.jar;C:\Users\abhis\.m2\repository\com\ibm\icu\icu4j\69.1\icu4j-69.1.jar;C:\Users\abhis\.m2\repository\ch\qos\logback\logback-classic\1.2.3\logback-classic-1.2.3.jar;C:\Users\abhis\.m2\repository\ch\qos\logback\logback-core\1.2.3\logback-core-1.2.3.jar;C:\Users\abhis\.m2\repository\org\slf4j\slf4j-api\1.7.25\slf4j-api-1.7.25.jar;C:\Users\abhis\.m2\repository\org\slf4j\jcl-over-slf4j\1.7.25\jcl-over-slf4j-1.7.25.jar;C:\Users\abhis\.m2\repository\com\jayway\jsonpath\json-path\2.6.0\json-path-2.6.0.jar;C:\Users\abhis\.m2\repository\net\minidev\json-smart\2.4.7\json-smart-2.4.7.jar;C:\Users\abhis\.m2\repository\net\minidev\accessors-smart\2.4.7\accessors-smart-2.4.7.jar;C:\Users\abhis\.m2\repository\org\ow2\asm\asm\9.1\asm-9.1.jar;C:\Users\abhis\.m2\repository\info\cukes\cucumber-java\1.2.5\cucumber-java-1.2.5.jar;C:\Users\abhis\.m2\repository\info\cukes\cucumber-core\1.2.5\cucumber-core-1.2.5.jar;C:\Users\abhis\.m2\repository\org\yaml\snakeyaml\1.29\snakeyaml-1.29.jar;C:\Users\abhis\.m2\repository\de\siegmar\fastcsv\2.0.0\fastcsv-2.0.0.jar;C:\Users\abhis\.m2\repository\info\picocli\picocli\4.6.1\picocli-4.6.1.jar;C:\Users\abhis\.m2\repository\org\junit\jupiter\junit-jupiter-api\5.7.2\junit-jupiter-api-5.7.2.jar;C:\Users\abhis\.m2\repository\org\apiguardian\apiguardian-api\1.1.0\apiguardian-api-1.1.0.jar;C:\Users\abhis\.m2\repository\org\opentest4j\opentest4j\1.2.0\opentest4j-1.2.0.jar;C:\Users\abhis\.m2\repository\org\junit\platform\junit-platform-commons\1.7.2\junit-platform-commons-1.7.2.jar;C:\Users\abhis\.m2\repository\org\junit\jupiter\junit-jupiter-engine\5.7.2\junit-jupiter-engine-5.7.2.jar;C:\Users\abhis\.m2\repository\org\junit\platform\junit-platform-engine\1.7.2\junit-platform-engine-1.7.2.jar;"/>
    <property name="java.vm.vendor" value="Oracle Corporation"/>
    <property name="sun.arch.data.model" value="64"/>
    <property name="user.variant" value=""/>
    <property name="java.vendor.url" value="https://java.oracle.com/"/>
    <property name="user.timezone" value="Asia/Calcutta"/>
    <property name="os.name" value="Windows 10"/>
    <property name="java.vm.specification.version" value="16"/>
    <property name="sun.java.launcher" value="SUN_STANDARD"/>
    <property name="user.country" value="US"/>
    <property name="sun.boot.library.path" value="C:\Program Files\Java\jdk-16\bin"/>
    <property name="sun.java.command" value="C:\Users\abhis\AppData\Local\Temp\surefire6349391075841125618\surefirebooter2755357234361314738.jar C:\Users\abhis\AppData\Local\Temp\surefire6349391075841125618 2022-04-21T13-41-17_460-jvmRun1 surefire5276735558116623514tmp surefire_05445232225478604270tmp"/>
    <property name="jdk.debug" value="release"/>
    <property name="surefire.test.class.path" value="C:\Users\abhis\Downloads\karateframework\karateframework\target\test-classes;C:\Users\abhis\Downloads\karateframework\karateframework\target\classes;C:\Users\abhis\.m2\repository\com\intuit\karate\karate-junit5\1.1.0\karate-junit5-1.1.0.jar;C:\Users\abhis\.m2\repository\com\intuit\karate\karate-core\1.1.0\karate-core-1.1.0.jar;C:\Users\abhis\.m2\repository\org\graalvm\js\js-scriptengine\21.2.0\js-scriptengine-21.2.0.jar;C:\Users\abhis\.m2\repository\org\graalvm\sdk\graal-sdk\21.2.0\graal-sdk-21.2.0.jar;C:\Users\abhis\.m2\repository\org\graalvm\js\js\21.2.0\js-21.2.0.jar;C:\Users\abhis\.m2\repository\org\graalvm\regex\regex\21.2.0\regex-21.2.0.jar;C:\Users\abhis\.m2\repository\org\graalvm\truffle\truffle-api\21.2.0\truffle-api-21.2.0.jar;C:\Users\abhis\.m2\repository\com\ibm\icu\icu4j\69.1\icu4j-69.1.jar;C:\Users\abhis\.m2\repository\ch\qos\logback\logback-classic\1.2.3\logback-classic-1.2.3.jar;C:\Users\abhis\.m2\repository\ch\qos\logback\logback-core\1.2.3\logback-core-1.2.3.jar;C:\Users\abhis\.m2\repository\org\slf4j\slf4j-api\1.7.25\slf4j-api-1.7.25.jar;C:\Users\abhis\.m2\repository\org\slf4j\jcl-over-slf4j\1.7.25\jcl-over-slf4j-1.7.25.jar;C:\Users\abhis\.m2\repository\com\jayway\jsonpath\json-path\2.6.0\json-path-2.6.0.jar;C:\Users\abhis\.m2\repository\net\minidev\json-smart\2.4.7\json-smart-2.4.7.jar;C:\Users\abhis\.m2\repository\net\minidev\accessors-smart\2.4.7\accessors-smart-2.4.7.jar;C:\Users\abhis\.m2\repository\org\ow2\asm\asm\9.1\asm-9.1.jar;C:\Users\abhis\.m2\repository\info\cukes\cucumber-java\1.2.5\cucumber-java-1.2.5.jar;C:\Users\abhis\.m2\repository\info\cukes\cucumber-core\1.2.5\cucumber-core-1.2.5.jar;C:\Users\abhis\.m2\repository\org\yaml\snakeyaml\1.29\snakeyaml-1.29.jar;C:\Users\abhis\.m2\repository\de\siegmar\fastcsv\2.0.0\fastcsv-2.0.0.jar;C:\Users\abhis\.m2\repository\info\picocli\picocli\4.6.1\picocli-4.6.1.jar;C:\Users\abhis\.m2\repository\org\junit\jupiter\junit-jupiter-api\5.7.2\junit-jupiter-api-5.7.2.jar;C:\Users\abhis\.m2\repository\org\apiguardian\apiguardian-api\1.1.0\apiguardian-api-1.1.0.jar;C:\Users\abhis\.m2\repository\org\opentest4j\opentest4j\1.2.0\opentest4j-1.2.0.jar;C:\Users\abhis\.m2\repository\org\junit\platform\junit-platform-commons\1.7.2\junit-platform-commons-1.7.2.jar;C:\Users\abhis\.m2\repository\org\junit\jupiter\junit-jupiter-engine\5.7.2\junit-jupiter-engine-5.7.2.jar;C:\Users\abhis\.m2\repository\org\junit\platform\junit-platform-engine\1.7.2\junit-platform-engine-1.7.2.jar;"/>
    <property name="sun.cpu.endian" value="little"/>
    <property name="user.home" value="C:\Users\abhis"/>
    <property name="user.language" value="en"/>
    <property name="java.specification.vendor" value="Oracle Corporation"/>
    <property name="java.version.date" value="2021-03-16"/>
    <property name="java.home" value="C:\Program Files\Java\jdk-16"/>
    <property name="file.separator" value="\"/>
    <property name="basedir" value="C:\Users\abhis\Downloads\karateframework\karateframework"/>
    <property name="java.vm.compressedOopsMode" value="32-bit"/>
    <property name="line.separator" value="&#10;"/>
    <property name="java.vm.specification.vendor" value="Oracle Corporation"/>
    <property name="java.specification.name" value="Java Platform API Specification"/>
    <property name="surefire.real.class.path" value="C:\Users\abhis\AppData\Local\Temp\surefire6349391075841125618\surefirebooter2755357234361314738.jar"/>
    <property name="user.script" value=""/>
    <property name="sun.management.compiler" value="HotSpot 64-Bit Tiered Compilers"/>
    <property name="java.runtime.version" value="16+36-2231"/>
    <property name="user.name" value="abhis"/>
    <property name="path.separator" value=";"/>
    <property name="os.version" value="10.0"/>
    <property name="java.runtime.name" value="Java(TM) SE Runtime Environment"/>
    <property name="file.encoding" value="UTF-8"/>
    <property name="java.vm.name" value="Java HotSpot(TM) 64-Bit Server VM"/>
    <property name="localRepository" value="C:\Users\abhis\.m2\repository"/>
    <property name="java.vendor.url.bug" value="https://bugreport.java.com/bugreport/"/>
    <property name="java.io.tmpdir" value="C:\Users\abhis\AppData\Local\Temp\"/>
    <property name="java.version" value="16"/>
    <property name="user.dir" value="C:\Users\abhis\Downloads\karateframework\karateframework"/>
    <property name="os.arch" value="amd64"/>
    <property name="java.vm.specification.name" value="Java Virtual Machine Specification"/>
    <property name="sun.os.patch.level" value=""/>
    <property name="java.library.path" value="C:\Program Files\Java\jdk-16\bin;C:\WINDOWS\Sun\Java\bin;C:\WINDOWS\system32;C:\WINDOWS;C:/Program Files/Java/jdk-16/bin/server;C:/Program Files/Java/jdk-16/bin;C:\Program Files\Common Files\Oracle\Java\javapath;C:\WINDOWS\system32;C:\WINDOWS;C:\WINDOWS\System32\Wbem;C:\WINDOWS\System32\WindowsPowerShell\v1.0\;C:\WINDOWS\System32\OpenSSH\;C:\Program Files\Java\jdk-16\bin;C:\Users\abhis\Downloads\apache-maven-3.8.4-bin\apache-maven-3.8.4\bin;C:\Program Files\nodejs\;C:\Users\abhis\AppData\Local\Android\Sdk\tools\bin;C:\Users\abhis\AppData\Local\Android\Sdk\tools;C:\Users\abhis\AppData\Local\Android\Sdk\platform-tools;C:\Program Files\nodejs\node_modules\npm\bin;C:\Users\abhis\AppData\Local\Microsoft\WindowsApps;C:\Users\abhis\AppData\Roaming\npm;C:\WINDOWS\System32;;."/>
    <property name="java.vm.info" value="mixed mode, sharing"/>
    <property name="java.vendor" value="Oracle Corporation"/>
    <property name="java.vm.version" value="16+36-2231"/>
    <property name="sun.io.unicode.encoding" value="UnicodeLittle"/>
    <property name="java.class.version" value="60.0"/>
  </properties>
  <testcase name="runTest[1][1]" classname="com.api.automation.putrequest.TestRunnerPut" time="0.09"/>
  <testcase name="runTest[1][2]" classname="com.api.automation.putrequest.TestRunnerPut" time="0.218">
    <failure message="status code was: 404, expected: 200, response time in milliseconds: 11, url: http://localhost:9897/normal/webapi/update, response: &#10;{&quot;message&quot;:&quot;Failed to update Entry [jobId=124, jobTitle=QA Analyst Level 3, jobDescription=To develop automation framework for andriod application and web app, experience=[Ljava.lang.Object;@279266b1, project=[[projectName=Movie App, technology=[Kotlin, SQL Lite, Angular]], [projectName=IOS App, technology=[Kotlin, SQL Lite, Swift]]]]&quot;}&#10;classpath:com/api/automation/putrequest/updateJobEntry.feature:96" type="org.opentest4j.AssertionFailedError">org.opentest4j.AssertionFailedError: 
status code was: 404, expected: 200, response time in milliseconds: 11, url: http://localhost:9897/normal/webapi/update, response: 
{"message":"Failed to update Entry [jobId=124, jobTitle=QA Analyst Level 3, jobDescription=To develop automation framework for andriod application and web app, experience=[Ljava.lang.Object;@279266b1, project=[[projectName=Movie App, technology=[Kotlin, SQL Lite, Angular]], [projectName=IOS App, technology=[Kotlin, SQL Lite, Swift]]]]"}
classpath:com/api/automation/putrequest/updateJobEntry.feature:96
</failure>
    <system-out><![CDATA[13:41:37.629 [main] INFO  com.intuit.karate - karate.env system property was: null 
13:41:37.640 [main] DEBUG com.intuit.karate - request:
1 > POST http://localhost:9897/normal/webapi/add
1 > Accept: application/json
1 > Content-Type: application/json; charset=UTF-8
1 > Content-Length: 221
1 > Host: localhost:9897
1 > Connection: Keep-Alive
1 > User-Agent: Apache-HttpClient/4.5.13 (Java/16)
1 > Accept-Encoding: gzip,deflate
{"jobId":32,"jobTitle":"Software Engg 3","jobDescription":"To develop andriod application","experience":["Google","Apple","Mobile Iron"],"project":[{"projectName":"Movie App","technology":["Kotlin","SQL Lite","Gradle"]}]}

13:41:37.663 [main] DEBUG com.intuit.karate - response time in milliseconds: 23
1 < 201
1 < X-Content-Type-Options: nosniff
1 < X-XSS-Protection: 1; mode=block
1 < Cache-Control: no-cache, no-store, max-age=0, must-revalidate
1 < Pragma: no-cache
1 < Expires: 0
1 < X-Frame-Options: DENY
1 < Content-Type: application/json
1 < Transfer-Encoding: chunked
1 < Date: Thu, 21 Apr 2022 08:11:37 GMT
1 < Keep-Alive: timeout=60
1 < Connection: keep-alive
{"jobId":32,"jobTitle":"Software Engg 3","jobDescription":"To develop andriod application","experience":["Google","Apple","Mobile Iron"],"project":[{"projectName":"Movie App","technology":["Kotlin","SQL Lite","Gradle"]}]}
13:41:37.668 [main] DEBUG com.intuit.karate - request:
1 > PUT http://localhost:9897/normal/webapi/update
1 > Accept: application/json
1 > Content-Type: application/json; charset=UTF-8
1 > Content-Length: 328
1 > Host: localhost:9897
1 > Connection: Keep-Alive
1 > User-Agent: Apache-HttpClient/4.5.13 (Java/16)
1 > Accept-Encoding: gzip,deflate
{"jobId":124,"jobTitle":"QA Analyst Level 3","jobDescription":"To develop automation framework for andriod application and web app","experience":["Google","Apple","Windows"],"project":[{"projectName":"Movie App","technology":["Kotlin","SQL Lite","Angular"]},{"projectName":"IOS App","technology":["Kotlin","SQL Lite","Swift"]}]}

13:41:37.680 [main] DEBUG com.intuit.karate - response time in milliseconds: 11
1 < 404
1 < X-Content-Type-Options: nosniff
1 < X-XSS-Protection: 1; mode=block
1 < Cache-Control: no-cache, no-store, max-age=0, must-revalidate
1 < Pragma: no-cache
1 < Expires: 0
1 < X-Frame-Options: DENY
1 < Content-Type: application/json
1 < Transfer-Encoding: chunked
1 < Date: Thu, 21 Apr 2022 08:11:37 GMT
1 < Keep-Alive: timeout=60
1 < Connection: keep-alive
{"message":"Failed to update Entry [jobId=124, jobTitle=QA Analyst Level 3, jobDescription=To develop automation framework for andriod application and web app, experience=[Ljava.lang.Object;@279266b1, project=[[projectName=Movie App, technology=[Kotlin, SQL Lite, Angular]], [projectName=IOS App, technology=[Kotlin, SQL Lite, Swift]]]]"}
13:41:37.681 [main] ERROR com.intuit.karate - classpath:com/api/automation/putrequest/updateJobEntry.feature:96
Then status 200
status code was: 404, expected: 200, response time in milliseconds: 11, url: http://localhost:9897/normal/webapi/update, response: 
{"message":"Failed to update Entry [jobId=124, jobTitle=QA Analyst Level 3, jobDescription=To develop automation framework for andriod application and web app, experience=[Ljava.lang.Object;@279266b1, project=[[projectName=Movie App, technology=[Kotlin, SQL Lite, Angular]], [projectName=IOS App, technology=[Kotlin, SQL Lite, Swift]]]]"}
classpath:com/api/automation/putrequest/updateJobEntry.feature:96
]]></system-out>
  </testcase>
  <testcase name="runTest[1][3]" classname="com.api.automation.putrequest.TestRunnerPut" time="0.114"/>
  <testcase name="runTest[1][4]" classname="com.api.automation.putrequest.TestRunnerPut" time="0.267"/>
</testsuite>